Downloading PDFium release info...
Downloaded. Reading PDFium release info...
Complete.
Parsing libraries...
Parsing code...
Parsed 'fpdfview.h, fpdf_annot.h, fpdf_attachment.h, fpdf_catalog.h, fpdf_dataavail.h, fpdf_doc.h, fpdf_edit.h, fpdf_flatten.h, fpdf_formfill.h, fpdf_fwlevent.h, fpdf_javascript.h, fpdf_ppo.h, fpdf_progressive.h, fpdf_save.h, fpdf_searchex.h, fpdf_signature.h, fpdf_structtree.h, fpdf_sysfontinfo.h, fpdf_text.h, fpdf_thumbnail.h, fpdf_transformpage.h'
Processing code...
Generating code...
Unhandled exception. System.InvalidCastException: Unable to cast object of type 'CppSharp.AST.Class' to type 'CppSharp.AST.Function'.
   at CppSharp.Generators.CSharp.CSharpSources.GenerateFunctionParamMarshal(Parameter param, Int32 paramIndex)
   at CppSharp.Generators.CSharp.CSharpSources.GenerateFunctionParamsMarshal(IEnumerable`1 params)
   at CppSharp.Generators.CSharp.CSharpSources.GenerateFunctionCall(String functionName, Function function, QualifiedType returnType)
   at CppSharp.Generators.CSharp.CSharpSources.GenerateInternalFunctionCall(Function function, QualifiedType returnType)
   at CppSharp.Generators.CSharp.CSharpSources.GenerateFunction(Function function, String parentName)
   at CppSharp.Generators.CSharp.CSharpSources.GenerateNamespaceFunctionsAndVariables(DeclarationContext context)
   at CppSharp.Generators.CSharp.CSharpSources.VisitDeclContext(DeclarationContext context)
   at CppSharp.Generators.CodeGenerator.VisitNamespace(Namespace namespace)
   at CppSharp.Generators.CSharp.CSharpSources.VisitNamespace(Namespace namespace)
   at CppSharp.Generators.CodeGenerator.VisitTranslationUnit(TranslationUnit unit)
   at CppSharp.AST.TranslationUnit.Visit[T](IDeclVisitor`1 visitor)
   at CppSharp.Generators.CSharp.CSharpSources.Process()
   at CppSharp.Generators.Generator.GenerateModule(Module module)
   at CppSharp.Generators.Generator.Generate()
   at CppSharp.Driver.GenerateCode()
   at CppSharp.ConsoleDriver.Run(ILibrary library)
   at PDFiumZBindingsGenerator.Program.Main(String[] args) in C:\work\net\PDFiumZ\src\PDFiumZBindingsGenerator\Program.cs:line 104
   at PDFiumZBindingsGenerator.Program.<Main>(String[] args)
